Arguments: 
  /home/kamal/.nvm/versions/node/v14.17.5/bin/node /usr/local/bin/yarn install

PATH: 
  /home/kamal/.nvm/versions/node/v14.17.5/bin:/usr/local/sbin:/usr/local/bin:/usr/sbin:/usr/bin:/sbin:/bin:/usr/games:/usr/local/games:/snap/bin:/home/kamal/Android/Sdk/emulator:/home/kamal/Android/Sdk/tools:/home/kamal/Android/Sdk/tools/bin:/home/kamal/Android/Sdk/platform-tools

Yarn version: 
  1.22.11

Node version: 
  14.17.5

Platform: 
  linux x64

Trace: 
  Error: getaddrinfo EAI_AGAIN registry.yarnpkg.com
      at GetAddrInfoReqWrap.onlookup [as oncomplete] (dns.js:69:26)

npm manifest: 
  {
    "name": "blogsite",
    "version": "1.0.0",
    "description": "",
    "main": ".eslintrc.js",
    "type": "module",
    "dependencies": {
      "bcrypt": "^5.0.1",
      "cors": "^2.8.5",
      "dotenv": "^16.0.1",
      "express": "^4.18.1",
      "helmet": "^5.1.0",
      "joi": "^17.6.0",
      "jsend-express": "^1.2.4",
      "jsonwebtoken": "^8.5.1",
      "mongoose": "^6.4.2",
      "multer": "^1.4.5-lts.1",
      "swagger-jsdoc": "^6.2.8",
      "swagger-ui-express": "^4.6.0"
    },
    "scripts": {
      "test": "echo \"Error: no test specified\" && exit 1",
      "dev": "nodemon index.js",
      "start": "nodemon index.js"
    },
    "author": "",
    "license": "ISC",
    "devDependencies": {
      "eslint": "^8.19.0"
    }
  }

yarn manifest: 
  No manifest

Lockfile: 
  No lockfile
